<?xml version="1.0" encoding="UTF-8"?>
<!-- Generated by org.testng.reporters.JUnitReportReporter -->
<testsuite hostname="INBOOK_X1_SLIM" failures="0" tests="3" name="EbayTest.ebayClass" time="10.360" errors="0" timestamp="2024-06-17T13:02:36 IST" skipped="2">
  <testcase classname="EbayTest.ebayClass" name="tearDown" time="0.000">
    <skipped/>
  </testcase> <!-- tearDown -->
  <system-out/>
  <testcase classname="EbayTest.ebayClass" name="halfEbayRegistration" time="0.000">
    <skipped/>
  </testcase> <!-- halfEbayRegistration -->
  <system-out/>
  <testcase classname="EbayTest.ebayClass" name="invokeBrowser" time="10.360"/>
  <system-out/>
</testsuite> <!-- EbayTest.ebayClass -->
